<?xml version="1.0" encoding="UTF-8"?>
<!-- Generated by org.testng.reporters.JUnitXMLReporter -->
<testsuite hostname="LAPTOP-JIMJKHQD" ignored="0" name="Default test" tests="3" failures="0" timestamp="26 May 2020 01:11:46 GMT" time="80.779" errors="0">
  <testcase name="feature" time="15.48" classname="cucumber.api.testng.AbstractTestNGCucumberTests"/>
  <testcase name="feature" time="35.745" classname="cucumber.api.testng.AbstractTestNGCucumberTests"/>
  <testcase name="feature" time="28.325" classname="cucumber.api.testng.AbstractTestNGCucumberTests"/>
</testsuite> <!-- Default test -->
