<?xml version="1.0" encoding="UTF-8"?>
<testng-results skipped="0" failed="1" ignored="0" total="7" passed="6">
  <reporter-output>
  </reporter-output>
  <suite name="Default suite" duration-ms="244114" started-at="2020-05-29T20:47:04Z" finished-at="2020-05-29T20:51:08Z">
    <groups>
      <group name="cucumber">
        <method signature="AbstractTestNGCucumberTests.feature(cucumber.api.testng.CucumberFeatureWrapper)[pri:0, instance:pack.Runner.MyntraRunnerPage@11dc3715]" name="feature" class="cucumber.api.testng.AbstractTestNGCucumberTests"/>
      </group> <!-- cucumber -->
    </groups>
    <test name="Default test" duration-ms="244114" started-at="2020-05-29T20:47:04Z" finished-at="2020-05-29T20:51:08Z">
      <class name="pack.Runner.MyntraRunnerPage">
        <test-method status="PASS" signature="setUpClass()[pri:0, instance:pack.Runner.MyntraRunnerPage@11dc3715]" name="setUpClass" is-config="true" duration-ms="269" started-at="2020-05-29T20:47:04Z" finished-at="2020-05-29T20:47:04Z">
          <reporter-output>
          </reporter-output>
        </test-method> <!-- setUpClass -->
        <test-method status="PASS" signature="feature(cucumber.api.testng.CucumberFeatureWrapper)[pri:0, instance:pack.Runner.MyntraRunnerPage@11dc3715]" name="feature" duration-ms="65718" started-at="2020-05-29T20:47:04Z" description="Runs Cucumber Feature" data-provider="features" finished-at="2020-05-29T20:48:10Z">
          <params>
            <param index="0">
              <value>
                <![CDATA[Myntra Homepage Search Text Box Verification]]>
              </value>
            </param>
          </params>
          <reporter-output>
          </reporter-output>
        </test-method> <!-- feature -->
        <test-method status="PASS" signature="feature(cucumber.api.testng.CucumberFeatureWrapper)[pri:0, instance:pack.Runner.MyntraRunnerPage@11dc3715]" name="feature" duration-ms="50090" started-at="2020-05-29T20:48:10Z" description="Runs Cucumber Feature" data-provider="features" finished-at="2020-05-29T20:49:00Z">
          <params>
            <param index="0">
              <value>
                <![CDATA[This feature will test Myntra Women clothing section]]>
              </value>
            </param>
          </params>
          <reporter-output>
          </reporter-output>
        </test-method> <!-- feature -->
        <test-method status="PASS" signature="feature(cucumber.api.testng.CucumberFeatureWrapper)[pri:0, instance:pack.Runner.MyntraRunnerPage@11dc3715]" name="feature" duration-ms="27371" started-at="2020-05-29T20:49:00Z" description="Runs Cucumber Feature" data-provider="features" finished-at="2020-05-29T20:49:27Z">
          <params>
            <param index="0">
              <value>
                <![CDATA[Verify discover feature of Myntra page]]>
              </value>
            </param>
          </params>
          <reporter-output>
          </reporter-output>
        </test-method> <!-- feature -->
        <test-method status="PASS" signature="feature(cucumber.api.testng.CucumberFeatureWrapper)[pri:0, instance:pack.Runner.MyntraRunnerPage@11dc3715]" name="feature" duration-ms="30441" started-at="2020-05-29T20:49:27Z" description="Runs Cucumber Feature" data-provider="features" finished-at="2020-05-29T20:49:58Z">
          <params>
            <param index="0">
              <value>
                <![CDATA[Gift Card feature of Myntra Homepage]]>
              </value>
            </param>
          </params>
          <reporter-output>
          </reporter-output>
        </test-method> <!-- feature -->
        <test-method status="PASS" signature="feature(cucumber.api.testng.CucumberFeatureWrapper)[pri:0, instance:pack.Runner.MyntraRunnerPage@11dc3715]" name="feature" duration-ms="25182" started-at="2020-05-29T20:49:58Z" description="Runs Cucumber Feature" data-provider="features" finished-at="2020-05-29T20:50:23Z">
          <params>
            <param index="0">
              <value>
                <![CDATA[Backward Feature of Myntra Homepage]]>
              </value>
            </param>
          </params>
          <reporter-output>
          </reporter-output>
        </test-method> <!-- feature -->
        <test-method status="FAIL" signature="feature(cucumber.api.testng.CucumberFeatureWrapper)[pri:0, instance:pack.Runner.MyntraRunnerPage@11dc3715]" name="feature" duration-ms="23576" started-at="2020-05-29T20:50:23Z" description="Runs Cucumber Feature" data-provider="features" finished-at="2020-05-29T20:50:47Z">
          <params>
            <param index="0">
              <value>
                <![CDATA[Myntra close category Verification]]>
              </value>
            </param>
          </params>
          <exception class="cucumber.runtime.CucumberException">
            <message>
              <![CDATA[org.openqa.selenium.ElementClickInterceptedException: element click intercepted: Element <label class=" common-customCheckbox">...</label> is not clickable at point (401, 74). Other element would receive the click: <a href="/shop/home-living" data-index="3" data-group="home-&amp;-living" data-color="#f2c210" data-type="navElements" style="border-bottom-color:#f2c210;" class="desktop-main" data-reactid="466">...</a>
  (Session info: chrome=83.0.4103.61)
Build info: version: '3.141.59', revision: 'e82be7d358', time: '2018-11-14T08:17:03'
System info: host: 'LAPTOP-JIMJKHQD', ip: '192.168.1.7', os.name: 'Windows 10', os.arch: 'amd64', os.version: '10.0', java.version: '1.8.0_231'
Driver info: org.openqa.selenium.chrome.ChromeDriver
Capabilities {acceptInsecureCerts: false, browserName: chrome, browserVersion: 83.0.4103.61, chrome: {chromedriverVersion: 83.0.4103.39 (ccbf011cb2d2b..., userDataDir: C:\Users\silvi\AppData\Loca...}, goog:chromeOptions: {debuggerAddress: localhost:56656}, javascriptEnabled: true, networkConnectionEnabled: false, pageLoadStrategy: normal, platform: WINDOWS, platformName: WINDOWS, proxy: Proxy(), setWindowRect: true, strictFileInteractability: false, timeouts: {implicit: 0, pageLoad: 300000, script: 30000}, unhandledPromptBehavior: dismiss and notify, webauthn:virtualAuthenticators: true}
Session ID: d8d20ceef1519dd814d1ce463d704cee]]>
            </message>
            <full-stacktrace>
              <![CDATA[cucumber.runtime.CucumberException: org.openqa.selenium.ElementClickInterceptedException: element click intercepted: Element <label class=" common-customCheckbox">...</label> is not clickable at point (401, 74). Other element would receive the click: <a href="/shop/home-living" data-index="3" data-group="home-&amp;-living" data-color="#f2c210" data-type="navElements" style="border-bottom-color:#f2c210;" class="desktop-main" data-reactid="466">...</a>
  (Session info: chrome=83.0.4103.61)
Build info: version: '3.141.59', revision: 'e82be7d358', time: '2018-11-14T08:17:03'
System info: host: 'LAPTOP-JIMJKHQD', ip: '192.168.1.7', os.name: 'Windows 10', os.arch: 'amd64', os.version: '10.0', java.version: '1.8.0_231'
Driver info: org.openqa.selenium.chrome.ChromeDriver
Capabilities {acceptInsecureCerts: false, browserName: chrome, browserVersion: 83.0.4103.61, chrome: {chromedriverVersion: 83.0.4103.39 (ccbf011cb2d2b..., userDataDir: C:\Users\silvi\AppData\Loca...}, goog:chromeOptions: {debuggerAddress: localhost:56656}, javascriptEnabled: true, networkConnectionEnabled: false, pageLoadStrategy: normal, platform: WINDOWS, platformName: WINDOWS, proxy: Proxy(), setWindowRect: true, strictFileInteractability: false, timeouts: {implicit: 0, pageLoad: 300000, script: 30000}, unhandledPromptBehavior: dismiss and notify, webauthn:virtualAuthenticators: true}
Session ID: d8d20ceef1519dd814d1ce463d704cee
at cucumber.api.testng.TestNGCucumberRunner.runCucumber(TestNGCucumberRunner.java:69)
at cucumber.api.testng.AbstractTestNGCucumberTests.feature(AbstractTestNGCucumberTests.java:21)
at sun.reflect.NativeMethodAccessorImpl.invoke0(Native Method)
at sun.reflect.NativeMethodAccessorImpl.invoke(NativeMethodAccessorImpl.java:62)
at sun.reflect.DelegatingMethodAccessorImpl.invoke(DelegatingMethodAccessorImpl.java:43)
at java.lang.reflect.Method.invoke(Method.java:498)
at org.testng.internal.MethodInvocationHelper.invokeMethod(MethodInvocationHelper.java:124)
at org.testng.internal.Invoker.invokeMethod(Invoker.java:583)
at org.testng.internal.Invoker.invokeTestMethod(Invoker.java:719)
at org.testng.internal.Invoker.invokeTestMethods(Invoker.java:989)
at org.testng.internal.TestMethodWorker.invokeTestMethods(TestMethodWorker.java:125)
at org.testng.internal.TestMethodWorker.run(TestMethodWorker.java:109)
at org.testng.TestRunner.privateRun(TestRunner.java:648)
at org.testng.TestRunner.run(TestRunner.java:505)
at org.testng.SuiteRunner.runTest(SuiteRunner.java:455)
at org.testng.SuiteRunner.runSequentially(SuiteRunner.java:450)
at org.testng.SuiteRunner.privateRun(SuiteRunner.java:415)
at org.testng.SuiteRunner.run(SuiteRunner.java:364)
at org.testng.SuiteRunnerWorker.runSuite(SuiteRunnerWorker.java:52)
at org.testng.SuiteRunnerWorker.run(SuiteRunnerWorker.java:84)
at org.testng.TestNG.runSuitesSequentially(TestNG.java:1208)
at org.testng.TestNG.runSuitesLocally(TestNG.java:1137)
at org.testng.TestNG.runSuites(TestNG.java:1049)
at org.testng.TestNG.run(TestNG.java:1017)
at org.testng.remote.AbstractRemoteTestNG.run(AbstractRemoteTestNG.java:115)
at org.testng.remote.RemoteTestNG.initAndRun(RemoteTestNG.java:251)
at org.testng.remote.RemoteTestNG.main(RemoteTestNG.java:77)
Caused by: org.openqa.selenium.ElementClickInterceptedException: element click intercepted: Element <label class=" common-customCheckbox">...</label> is not clickable at point (401, 74). Other element would receive the click: <a href="/shop/home-living" data-index="3" data-group="home-&amp;-living" data-color="#f2c210" data-type="navElements" style="border-bottom-color:#f2c210;" class="desktop-main" data-reactid="466">...</a>
  (Session info: chrome=83.0.4103.61)
Build info: version: '3.141.59', revision: 'e82be7d358', time: '2018-11-14T08:17:03'
System info: host: 'LAPTOP-JIMJKHQD', ip: '192.168.1.7', os.name: 'Windows 10', os.arch: 'amd64', os.version: '10.0', java.version: '1.8.0_231'
Driver info: org.openqa.selenium.chrome.ChromeDriver
Capabilities {acceptInsecureCerts: false, browserName: chrome, browserVersion: 83.0.4103.61, chrome: {chromedriverVersion: 83.0.4103.39 (ccbf011cb2d2b..., userDataDir: C:\Users\silvi\AppData\Loca...}, goog:chromeOptions: {debuggerAddress: localhost:56656}, javascriptEnabled: true, networkConnectionEnabled: false, pageLoadStrategy: normal, platform: WINDOWS, platformName: WINDOWS, proxy: Proxy(), setWindowRect: true, strictFileInteractability: false, timeouts: {implicit: 0, pageLoad: 300000, script: 30000}, unhandledPromptBehavior: dismiss and notify, webauthn:virtualAuthenticators: true}
Session ID: d8d20ceef1519dd814d1ce463d704cee
at sun.reflect.NativeConstructorAccessorImpl.newInstance0(Native Method)
at sun.reflect.NativeConstructorAccessorImpl.newInstance(NativeConstructorAccessorImpl.java:62)
at sun.reflect.DelegatingConstructorAccessorImpl.newInstance(DelegatingConstructorAccessorImpl.java:45)
at java.lang.reflect.Constructor.newInstance(Constructor.java:423)
at org.openqa.selenium.remote.http.W3CHttpResponseCodec.createException(W3CHttpResponseCodec.java:187)
at org.openqa.selenium.remote.http.W3CHttpResponseCodec.decode(W3CHttpResponseCodec.java:122)
at org.openqa.selenium.remote.http.W3CHttpResponseCodec.decode(W3CHttpResponseCodec.java:49)
at org.openqa.selenium.remote.HttpCommandExecutor.execute(HttpCommandExecutor.java:158)
at org.openqa.selenium.remote.service.DriverCommandExecutor.execute(DriverCommandExecutor.java:83)
at org.openqa.selenium.remote.RemoteWebDriver.execute(RemoteWebDriver.java:552)
at org.openqa.selenium.remote.RemoteWebElement.execute(RemoteWebElement.java:285)
at org.openqa.selenium.remote.RemoteWebElement.click(RemoteWebElement.java:84)
at sun.reflect.NativeMethodAccessorImpl.invoke0(Native Method)
at sun.reflect.NativeMethodAccessorImpl.invoke(NativeMethodAccessorImpl.java:62)
at sun.reflect.DelegatingMethodAccessorImpl.invoke(DelegatingMethodAccessorImpl.java:43)
at java.lang.reflect.Method.invoke(Method.java:498)
at org.openqa.selenium.support.pagefactory.internal.LocatingElementHandler.invoke(LocatingElementHandler.java:51)
at com.sun.proxy.$Proxy20.click(Unknown Source)
at pack.pageAcions.KidsMenuAction.checkSweatShirt(KidsMenuAction.java:38)
at pack.stepDefn.KidsMenuStepDefn.check_sweat_shirt(KidsMenuStepDefn.java:37)
at âœ½.And Check sweat shirt(fMyntraCloseFeature.feature:15)
]]>
            </full-stacktrace>
          </exception> <!-- cucumber.runtime.CucumberException -->
          <reporter-output>
          </reporter-output>
        </test-method> <!-- feature -->
        <test-method status="PASS" signature="feature(cucumber.api.testng.CucumberFeatureWrapper)[pri:0, instance:pack.Runner.MyntraRunnerPage@11dc3715]" name="feature" duration-ms="20236" started-at="2020-05-29T20:50:47Z" description="Runs Cucumber Feature" data-provider="features" finished-at="2020-05-29T20:51:07Z">
          <params>
            <param index="0">
              <value>
                <![CDATA[Myntra faster delevery Verification]]>
              </value>
            </param>
          </params>
          <reporter-output>
          </reporter-output>
        </test-method> <!-- feature -->
        <test-method status="PASS" signature="generateExtentReport()[pri:0, instance:pack.Runner.MyntraRunnerPage@11dc3715]" name="generateExtentReport" is-config="true" duration-ms="59" started-at="2020-05-29T20:51:07Z" finished-at="2020-05-29T20:51:07Z">
          <reporter-output>
          </reporter-output>
        </test-method> <!-- generateExtentReport -->
        <test-method status="PASS" signature="tearDownClass()[pri:0, instance:pack.Runner.MyntraRunnerPage@11dc3715]" name="tearDownClass" is-config="true" duration-ms="1003" started-at="2020-05-29T20:51:07Z" finished-at="2020-05-29T20:51:08Z">
          <reporter-output>
          </reporter-output>
        </test-method> <!-- tearDownClass -->
      </class> <!-- pack.Runner.MyntraRunnerPage -->
    </test> <!-- Default test -->
  </suite> <!-- Default suite -->
</testng-results>
