<?xml version="1.0" encoding="UTF-8"?>
<testng-results skipped="0" failed="0" ignored="0" total="1" passed="1">
  <reporter-output>
  </reporter-output>
  <suite name="Default suite" duration-ms="7215" started-at="2020-05-19T08:07:23Z" finished-at="2020-05-19T08:07:30Z">
    <groups>
      <group name="cucumber">
        <method signature="AbstractTestNGCucumberTests.feature(cucumber.api.testng.CucumberFeatureWrapper)[pri:0, instance:pack.Runner.MyntraRunnerPage@11dc3715]" name="feature" class="cucumber.api.testng.AbstractTestNGCucumberTests"/>
      </group> <!-- cucumber -->
    </groups>
    <test name="Default test" duration-ms="7215" started-at="2020-05-19T08:07:23Z" finished-at="2020-05-19T08:07:30Z">
      <class name="pack.Runner.MyntraRunnerPage">
        <test-method status="PASS" signature="setUpClass()[pri:0, instance:pack.Runner.MyntraRunnerPage@11dc3715]" name="setUpClass" is-config="true" duration-ms="254" started-at="2020-05-19T08:07:23Z" finished-at="2020-05-19T08:07:23Z">
          <reporter-output>
          </reporter-output>
        </test-method> <!-- setUpClass -->
        <test-method status="PASS" signature="feature(cucumber.api.testng.CucumberFeatureWrapper)[pri:0, instance:pack.Runner.MyntraRunnerPage@11dc3715]" name="feature" duration-ms="6411" started-at="2020-05-19T08:07:23Z" description="Runs Cucumber Feature" data-provider="features" finished-at="2020-05-19T08:07:29Z">
          <params>
            <param index="0">
              <value>
                <![CDATA[Myntra Homepage Search Button Verification]]>
              </value>
            </param>
          </params>
          <reporter-output>
          </reporter-output>
        </test-method> <!-- feature -->
        <test-method status="PASS" signature="generateExtentReport()[pri:0, instance:pack.Runner.MyntraRunnerPage@11dc3715]" name="generateExtentReport" is-config="true" duration-ms="86" started-at="2020-05-19T08:07:29Z" finished-at="2020-05-19T08:07:30Z">
          <reporter-output>
          </reporter-output>
        </test-method> <!-- generateExtentReport -->
        <test-method status="PASS" signature="tearDownClass()[pri:0, instance:pack.Runner.MyntraRunnerPage@11dc3715]" name="tearDownClass" is-config="true" duration-ms="362" started-at="2020-05-19T08:07:30Z" finished-at="2020-05-19T08:07:30Z">
          <reporter-output>
          </reporter-output>
        </test-method> <!-- tearDownClass -->
      </class> <!-- pack.Runner.MyntraRunnerPage -->
    </test> <!-- Default test -->
  </suite> <!-- Default suite -->
</testng-results>
