<?xml version="1.0" encoding="UTF-8"?>
<testng-results skipped="0" failed="0" ignored="0" total="3" passed="3">
  <reporter-output>
  </reporter-output>
  <suite name="Default suite" duration-ms="80779" started-at="2020-05-26T01:10:25Z" finished-at="2020-05-26T01:11:46Z">
    <groups>
      <group name="cucumber">
        <method signature="AbstractTestNGCucumberTests.feature(cucumber.api.testng.CucumberFeatureWrapper)[pri:0, instance:pack.Runner.KidsCatagoryRunner@11dc3715]" name="feature" class="cucumber.api.testng.AbstractTestNGCucumberTests"/>
      </group> <!-- cucumber -->
    </groups>
    <test name="Default test" duration-ms="80779" started-at="2020-05-26T01:10:25Z" finished-at="2020-05-26T01:11:46Z">
      <class name="pack.Runner.KidsCatagoryRunner">
        <test-method status="PASS" signature="setUpClass()[pri:0, instance:pack.Runner.KidsCatagoryRunner@11dc3715]" name="setUpClass" is-config="true" duration-ms="259" started-at="2020-05-26T01:10:25Z" finished-at="2020-05-26T01:10:25Z">
          <reporter-output>
          </reporter-output>
        </test-method> <!-- setUpClass -->
        <test-method status="PASS" signature="feature(cucumber.api.testng.CucumberFeatureWrapper)[pri:0, instance:pack.Runner.KidsCatagoryRunner@11dc3715]" name="feature" duration-ms="15480" started-at="2020-05-26T01:10:25Z" description="Runs Cucumber Feature" data-provider="features" finished-at="2020-05-26T01:10:41Z">
          <params>
            <param index="0">
              <value>
                <![CDATA[Myntra Homepage Search Text Box Verification]]>
              </value>
            </param>
          </params>
          <reporter-output>
          </reporter-output>
        </test-method> <!-- feature -->
        <test-method status="PASS" signature="feature(cucumber.api.testng.CucumberFeatureWrapper)[pri:0, instance:pack.Runner.KidsCatagoryRunner@11dc3715]" name="feature" duration-ms="35745" started-at="2020-05-26T01:10:41Z" description="Runs Cucumber Feature" data-provider="features" finished-at="2020-05-26T01:11:17Z">
          <params>
            <param index="0">
              <value>
                <![CDATA[This feature will test Myntra Women clothing section]]>
              </value>
            </param>
          </params>
          <reporter-output>
          </reporter-output>
        </test-method> <!-- feature -->
        <test-method status="PASS" signature="feature(cucumber.api.testng.CucumberFeatureWrapper)[pri:0, instance:pack.Runner.KidsCatagoryRunner@11dc3715]" name="feature" duration-ms="28325" started-at="2020-05-26T01:11:17Z" description="Runs Cucumber Feature" data-provider="features" finished-at="2020-05-26T01:11:45Z">
          <params>
            <param index="0">
              <value>
                <![CDATA[Verify category-more feature of Kids menu.]]>
              </value>
            </param>
          </params>
          <reporter-output>
          </reporter-output>
        </test-method> <!-- feature -->
        <test-method status="PASS" signature="generateExtentReport()[pri:0, instance:pack.Runner.KidsCatagoryRunner@11dc3715]" name="generateExtentReport" is-config="true" duration-ms="32" started-at="2020-05-26T01:11:45Z" finished-at="2020-05-26T01:11:45Z">
          <reporter-output>
          </reporter-output>
        </test-method> <!-- generateExtentReport -->
        <test-method status="PASS" signature="tearDownClass()[pri:0, instance:pack.Runner.KidsCatagoryRunner@11dc3715]" name="tearDownClass" is-config="true" duration-ms="830" started-at="2020-05-26T01:11:45Z" finished-at="2020-05-26T01:11:46Z">
          <reporter-output>
          </reporter-output>
        </test-method> <!-- tearDownClass -->
      </class> <!-- pack.Runner.KidsCatagoryRunner -->
    </test> <!-- Default test -->
  </suite> <!-- Default suite -->
</testng-results>
