<?xml version="1.0" encoding="UTF-8"?>
<testng-results skipped="0" failed="0" ignored="0" total="1" passed="1">
  <reporter-output>
  </reporter-output>
  <suite name="Default suite" duration-ms="17513" started-at="2020-04-23T00:08:23Z" finished-at="2020-04-23T00:08:40Z">
    <groups>
    </groups>
    <test name="Default test" duration-ms="17513" started-at="2020-04-23T00:08:23Z" finished-at="2020-04-23T00:08:40Z">
      <class name="pack.TestUps.TestUps">
        <test-method status="PASS" signature="beforeMethod()[pri:0, instance:pack.TestUps.TestUps@2cb2fc20]" name="beforeMethod" is-config="true" duration-ms="7642" started-at="2020-04-23T00:08:23Z" finished-at="2020-04-23T00:08:31Z">
          <reporter-output>
          </reporter-output>
        </test-method> <!-- beforeMethod -->
        <test-method status="PASS" signature="ShippingTest()[pri:0, instance:pack.TestUps.TestUps@2cb2fc20]" name="ShippingTest" duration-ms="5163" started-at="2020-04-23T00:08:31Z" finished-at="2020-04-23T00:08:36Z">
          <reporter-output>
          </reporter-output>
        </test-method> <!-- ShippingTest -->
        <test-method status="PASS" signature="afterMethod()[pri:0, instance:pack.TestUps.TestUps@2cb2fc20]" name="afterMethod" is-config="true" duration-ms="4675" started-at="2020-04-23T00:08:36Z" finished-at="2020-04-23T00:08:40Z">
          <reporter-output>
          </reporter-output>
        </test-method> <!-- afterMethod -->
      </class> <!-- pack.TestUps.TestUps -->
    </test> <!-- Default test -->
  </suite> <!-- Default suite -->
</testng-results>
